Arguments: 
  /Users/au87xu/.nvm/versions/node/v13.14.0/bin/node /usr/local/Cellar/yarn/1.22.4/libexec/bin/yarn.js init

PATH: 
  /Users/au87xu/.rvm/gems/ruby-2.6.3/bin:/Users/au87xu/.rvm/gems/ruby-2.6.3@global/bin:/Users/au87xu/.rvm/rubies/ruby-2.6.3/bin:/Users/au87xu/.cargo/bin:/usr/local/npm_packages/bin:/Users/au87xu/local/bin:/Users/au87xu/.nvm/versions/node/v13.14.0/bin:/Users/au87xu/bin:/Users/au87xu/bin:/Library/Frameworks/Python.framework/Versions/3.6/bin:/opt/local/bin:/opt/local/sbin:/Library/Frameworks/Python.framework/Versions/2.7/bin:/Library/Frameworks/Python.framework/Versions/3.4/bin:/usr/local/bin:/usr/bin:/bin:/usr/sbin:/sbin:/Library/Apple/usr/bin:/bin:/Users/au87xu/apache-maven-3.6.0/bin:/Users/au87xu/apache-maven-3.6.0/bin:/Users/au87xu/local/bin:/Users/au87xu/.nvm/versions/node/v13.14.0/bin:/Users/au87xu/bin:/Users/au87xu/bin:/Library/Frameworks/Python.framework/Versions/3.6/bin:/opt/local/bin:/opt/local/sbin:/Library/Frameworks/Python.framework/Versions/2.7/bin:/Library/Frameworks/Python.framework/Versions/3.4/bin:/usr/local/bin:/usr/bin:/bin:/usr/sbin:/sbin:/Library/Apple/usr/bin:/bin:/usr/local/bin:/Applications/Visual Studio Code.app/Contents/Resources/app/bin:/Applications/Visual Studio Code.app/Contents/Resources/app/bin:/Users/au87xu/.rvm/bin

Yarn version: 
  1.22.4

Node version: 
  13.14.0

Platform: 
  darwin x64

Trace: 
  Error: canceled
      at Interface.<anonymous> (/usr/local/Cellar/yarn/1.22.4/libexec/lib/cli.js:137008:13)
      at Interface.emit (events.js:315:20)
      at Interface._ttyWrite (readline.js:873:16)
      at ReadStream.onkeypress (readline.js:213:10)
      at ReadStream.emit (events.js:315:20)
      at emitKeys (internal/readline/utils.js:335:14)
      at emitKeys.next (<anonymous>)
      at ReadStream.onData (readline.js:1140:36)
      at ReadStream.emit (events.js:315:20)
      at addChunk (_stream_readable.js:297:12)

npm manifest: 
  No manifest

yarn manifest: 
  No manifest

Lockfile: 
  No lockfile
